<?xml version="1.0" encoding="UTF-8"?>
<coverage generated="1472580727">
  <project timestamp="1472580727">
    <file name="/var/www/html/fuel/app/classes/alwaysload.php">
      <class name="Alwaysload" namespace="global">
        <metrics methods="1" coveredmethods="0" conditionals="0" coveredconditionals="0" statements="8" coveredstatements="0" elements="9" coveredelements="0"/>
      </class>
      <line num="7" type="method" name="_init" crap="2" count="0"/>
      <line num="10" type="stmt" count="0"/>
      <line num="11" type="stmt" count="0"/>
      <line num="12" type="stmt" count="0"/>
      <line num="13" type="stmt" count="0"/>
      <line num="14" type="stmt" count="0"/>
      <line num="15" type="stmt" count="0"/>
      <line num="17" type="stmt" count="0"/>
      <line num="19" type="stmt" count="0"/>
      <metrics loc="20" ncloc="16" classes="1" methods="1" coveredmethods="0" conditionals="0" coveredconditionals="0" statements="8" coveredstatements="0" elements="9" coveredelements="0"/>
    </file>
    <file name="/var/www/html/fuel/app/classes/basetask.php">
      <class name="Basetask" namespace="global">
        <metrics methods="2" coveredmethods="0" conditionals="0" coveredconditionals="0" statements="20" coveredstatements="0" elements="22" coveredelements="0"/>
      </class>
      <line num="5" type="method" name="run" crap="12" count="0"/>
      <line num="7" type="stmt" count="0"/>
      <line num="8" type="stmt" count="0"/>
      <line num="9" type="stmt" count="0"/>
      <line num="12" type="stmt" count="0"/>
      <line num="13" type="stmt" count="0"/>
      <line num="14" type="stmt" count="0"/>
      <line num="15" type="stmt" count="0"/>
      <line num="17" type="stmt" count="0"/>
      <line num="18" type="stmt" count="0"/>
      <line num="20" type="method" name="get_files_from_args" crap="20" count="0"/>
      <line num="22" type="stmt" count="0"/>
      <line num="24" type="stmt" count="0"/>
      <line num="27" type="stmt" count="0"/>
      <line num="28" type="stmt" count="0"/>
      <line num="29" type="stmt" count="0"/>
      <line num="30" type="stmt" count="0"/>
      <line num="34" type="stmt" count="0"/>
      <line num="36" type="stmt" count="0"/>
      <line num="37" type="stmt" count="0"/>
      <line num="39" type="stmt" count="0"/>
      <line num="41" type="stmt" count="0"/>
      <metrics loc="43" ncloc="38" classes="1" methods="2" coveredmethods="0" conditionals="0" coveredconditionals="0" statements="20" coveredstatements="0" elements="22" coveredelements="0"/>
    </file>
    <file name="/var/www/html/fuel/app/classes/model/notification.php">
      <class name="Model_Notification" namespace="global" fullPackage="Model">
        <metrics methods="3" coveredmethods="1" conditionals="0" coveredconditionals="0" statements="84" coveredstatements="44" elements="87" coveredelements="45"/>
      </class>
      <line num="33" type="method" name="on_widget_delete_event" crap="2" count="8"/>
      <line num="35" type="stmt" count="5"/>
      <line num="36" type="stmt" count="5"/>
      <line num="37" type="stmt" count="5"/>
      <line num="40" type="stmt" count="5"/>
      <line num="42" type="stmt" count="5"/>
      <line num="44" type="stmt" count="5"/>
      <line num="45" type="stmt" count="5"/>
      <line num="46" type="stmt" count="8"/>
      <line num="60" type="method" name="send_item_notification" crap="16.94" count="8"/>
      <line num="62" type="stmt" count="8"/>
      <line num="65" type="stmt" count="3"/>
      <line num="66" type="stmt" count="3"/>
      <line num="70" type="stmt" count="3"/>
      <line num="71" type="stmt" count="3"/>
      <line num="73" type="stmt" count="3"/>
      <line num="74" type="stmt" count="3"/>
      <line num="76" type="stmt" count="3"/>
      <line num="77" type="stmt" count="3"/>
      <line num="78" type="stmt" count="3"/>
      <line num="79" type="stmt" count="3"/>
      <line num="83" type="stmt" count="3"/>
      <line num="84" type="stmt" count="3"/>
      <line num="85" type="stmt" count="3"/>
      <line num="87" type="stmt" count="1"/>
      <line num="88" type="stmt" count="1"/>
      <line num="89" type="stmt" count="1"/>
      <line num="94" type="stmt" count="3"/>
      <line num="95" type="stmt" count="0"/>
      <line num="96" type="stmt" count="0"/>
      <line num="98" type="stmt" count="3"/>
      <line num="99" type="stmt" count="3"/>
      <line num="100" type="stmt" count="3"/>
      <line num="102" type="stmt" count="0"/>
      <line num="103" type="stmt" count="0"/>
      <line num="104" type="stmt" count="0"/>
      <line num="106" type="stmt" count="0"/>
      <line num="107" type="stmt" count="0"/>
      <line num="108" type="stmt" count="0"/>
      <line num="110" type="stmt" count="0"/>
      <line num="111" type="stmt" count="0"/>
      <line num="113" type="stmt" count="3"/>
      <line num="115" type="stmt" count="0"/>
      <line num="116" type="stmt" count="0"/>
      <line num="117" type="stmt" count="0"/>
      <line num="118" type="stmt" count="0"/>
      <line num="121" type="stmt" count="3"/>
      <line num="122" type="stmt" count="3"/>
      <line num="123" type="stmt" count="3"/>
      <line num="124" type="stmt" count="3"/>
      <line num="125" type="stmt" count="3"/>
      <line num="126" type="stmt" count="3"/>
      <line num="127" type="stmt" count="3"/>
      <line num="128" type="stmt" count="3"/>
      <line num="129" type="stmt" count="3"/>
      <line num="130" type="stmt" count="3"/>
      <line num="132" type="stmt" count="3"/>
      <line num="134" type="stmt" count="3"/>
      <line num="136" type="stmt" count="3"/>
      <line num="144" type="method" name="send_email_notifications" crap="27.32" count="3"/>
      <line num="146" type="stmt" count="3"/>
      <line num="148" type="stmt" count="0"/>
      <line num="149" type="stmt" count="0"/>
      <line num="151" type="stmt" count="0"/>
      <line num="152" type="stmt" count="0"/>
      <line num="153" type="stmt" count="0"/>
      <line num="154" type="stmt" count="0"/>
      <line num="156" type="stmt" count="0"/>
      <line num="158" type="stmt" count="0"/>
      <line num="159" type="stmt" count="0"/>
      <line num="161" type="stmt" count="0"/>
      <line num="162" type="stmt" count="0"/>
      <line num="163" type="stmt" count="0"/>
      <line num="164" type="stmt" count="0"/>
      <line num="165" type="stmt" count="0"/>
      <line num="169" type="stmt" count="0"/>
      <line num="170" type="stmt" count="0"/>
      <line num="171" type="stmt" count="0"/>
      <line num="173" type="stmt" count="0"/>
      <line num="175" type="stmt" count="0"/>
      <line num="176" type="stmt" count="0"/>
      <line num="177" type="stmt" count="0"/>
      <line num="178" type="stmt" count="0"/>
      <line num="180" type="stmt" count="0"/>
      <line num="181" type="stmt" count="0"/>
      <line num="183" type="stmt" count="0"/>
      <line num="184" type="stmt" count="0"/>
      <metrics loc="184" ncloc="161" classes="1" methods="3" coveredmethods="1" conditionals="0" coveredconditionals="0" statements="84" coveredstatements="44" elements="87" coveredelements="45"/>
    </file>
    <file name="/var/www/html/fuel/app/classes/model/user.php">
      <class name="Model_User" namespace="global" fullPackage="Model">
        <metrics methods="15" coveredmethods="8" conditionals="0" coveredconditionals="0" statements="102" coveredstatements="65" elements="117" coveredelements="73"/>
      </class>
      <line num="51" type="method" name="_event_before_save" crap="1" count="23"/>
      <line num="53" type="stmt" count="23"/>
      <line num="55" type="stmt" count="23"/>
      <line num="56" type="stmt" count="23"/>
      <line num="58" type="method" name="find_current" crap="2" count="8"/>
      <line num="60" type="stmt" count="8"/>
      <line num="61" type="stmt" count="8"/>
      <line num="62" type="stmt" count="8"/>
      <line num="65" type="method" name="find_current_id" crap="2" count="51"/>
      <line num="67" type="stmt" count="51"/>
      <line num="68" type="stmt" count="51"/>
      <line num="69" type="stmt" count="51"/>
      <line num="72" type="method" name="find_by_name_search" crap="1" count="1"/>
      <line num="74" type="stmt" count="1"/>
      <line num="76" type="stmt" count="1"/>
      <line num="77" type="stmt" count="1"/>
      <line num="78" type="stmt" count="1"/>
      <line num="79" type="stmt" count="1"/>
      <line num="80" type="stmt" count="1"/>
      <line num="81" type="stmt" count="1"/>
      <line num="82" type="stmt" count="1"/>
      <line num="83" type="stmt" count="1"/>
      <line num="84" type="stmt" count="1"/>
      <line num="85" type="stmt" count="1"/>
      <line num="86" type="stmt" count="1"/>
      <line num="87" type="stmt" count="1"/>
      <line num="88" type="stmt" count="1"/>
      <line num="89" type="stmt" count="1"/>
      <line num="90" type="stmt" count="1"/>
      <line num="91" type="stmt" count="1"/>
      <line num="92" type="stmt" count="1"/>
      <line num="93" type="stmt" count="1"/>
      <line num="94" type="stmt" count="1"/>
      <line num="95" type="stmt" count="1"/>
      <line num="96" type="stmt" count="1"/>
      <line num="97" type="stmt" count="1"/>
      <line num="98" type="stmt" count="1"/>
      <line num="99" type="stmt" count="1"/>
      <line num="101" type="stmt" count="1"/>
      <line num="104" type="method" name="validate" crap="2" count="0"/>
      <line num="106" type="stmt" count="0"/>
      <line num="107" type="stmt" count="0"/>
      <line num="108" type="stmt" count="0"/>
      <line num="109" type="stmt" count="0"/>
      <line num="110" type="stmt" count="0"/>
      <line num="111" type="stmt" count="0"/>
      <line num="112" type="stmt" count="0"/>
      <line num="114" type="stmt" count="0"/>
      <line num="117" type="method" name="validate_update" crap="2" count="0"/>
      <line num="119" type="stmt" count="0"/>
      <line num="120" type="stmt" count="0"/>
      <line num="121" type="stmt" count="0"/>
      <line num="122" type="stmt" count="0"/>
      <line num="123" type="stmt" count="0"/>
      <line num="125" type="stmt" count="0"/>
      <line num="128" type="method" name="verify_session" crap="4" count="54"/>
      <line num="130" type="stmt" count="54"/>
      <line num="131" type="stmt" count="54"/>
      <line num="132" type="stmt" count="19"/>
      <line num="133" type="stmt" count="19"/>
      <line num="136" type="stmt" count="49"/>
      <line num="138" type="stmt" count="43"/>
      <line num="139" type="stmt" count="43"/>
      <line num="142" type="method" name="get_rate_limiter" crap="6" count="0"/>
      <line num="144" type="stmt" count="0"/>
      <line num="145" type="stmt" count="0"/>
      <line num="146" type="stmt" count="0"/>
      <line num="147" type="stmt" count="0"/>
      <line num="148" type="stmt" count="0"/>
      <line num="150" type="stmt" count="0"/>
      <line num="153" type="method" name="check_rate_limiter" crap="12" count="0"/>
      <line num="155" type="stmt" count="0"/>
      <line num="156" type="stmt" count="0"/>
      <line num="157" type="stmt" count="0"/>
      <line num="159" type="stmt" count="0"/>
      <line num="161" type="stmt" count="0"/>
      <line num="164" type="method" name="incement_rate_limiter" crap="6.09" count="1"/>
      <line num="166" type="stmt" count="1"/>
      <line num="167" type="stmt" count="1"/>
      <line num="168" type="stmt" count="0"/>
      <line num="169" type="stmt" count="0"/>
      <line num="170" type="stmt" count="0"/>
      <line num="172" type="stmt" count="0"/>
      <line num="173" type="stmt" count="0"/>
      <line num="176" type="stmt" count="0"/>
      <line num="178" type="stmt" count="0"/>
      <line num="180" type="stmt" count="1"/>
      <line num="182" type="method" name="reset_rate_limiter" crap="2" count="51"/>
      <line num="184" type="stmt" count="51"/>
      <line num="185" type="stmt" count="51"/>
      <line num="187" type="method" name="login" crap="4" count="51"/>
      <line num="189" type="stmt" count="51"/>
      <line num="190" type="stmt" count="51"/>
      <line num="192" type="stmt" count="51"/>
      <line num="193" type="stmt" count="51"/>
      <line num="195" type="stmt" count="51"/>
      <line num="196" type="stmt" count="51"/>
      <line num="197" type="stmt" count="51"/>
      <line num="198" type="stmt" count="51"/>
      <line num="199" type="stmt" count="51"/>
      <line num="201" type="stmt" count="51"/>
      <line num="202" type="stmt" count="51"/>
      <line num="203" type="stmt" count="51"/>
      <line num="206" type="stmt" count="1"/>
      <line num="208" type="stmt" count="51"/>
      <line num="211" type="method" name="is_guest" crap="6" count="0"/>
      <line num="213" type="stmt" count="0"/>
      <line num="214" type="stmt" count="0"/>
      <line num="215" type="stmt" count="0"/>
      <line num="217" type="stmt" count="0"/>
      <line num="220" type="method" name="forge_guest" crap="2" count="0"/>
      <line num="222" type="stmt" count="0"/>
      <line num="225" type="method" name="to_array" crap="1" count="3"/>
      <line num="227" type="stmt" count="3"/>
      <line num="228" type="stmt" count="3"/>
      <line num="229" type="stmt" count="3"/>
      <line num="230" type="stmt" count="3"/>
      <metrics loc="233" ncloc="217" classes="1" methods="15" coveredmethods="8" conditionals="0" coveredconditionals="0" statements="102" coveredstatements="65" elements="117" coveredelements="73"/>
    </file>
    <file name="/var/www/html/fuel/app/config/auth.php">
      <line num="5" type="stmt" count="1"/>
      <line num="8" type="stmt" count="1"/>
      <line num="9" type="stmt" count="1"/>
      <metrics loc="9" ncloc="5" classes="0" methods="0" coveredmethods="0" conditionals="0" coveredconditionals="0" statements="3" coveredstatements="3" elements="3" coveredelements="3"/>
    </file>
    <file name="/var/www/html/fuel/app/config/crypt.php">
      <line num="3" type="stmt" count="1"/>
      <line num="4" type="stmt" count="1"/>
      <line num="5" type="stmt" count="1"/>
      <line num="6" type="stmt" count="1"/>
      <metrics loc="6" ncloc="6" classes="0" methods="0" coveredmethods="0" conditionals="0" coveredconditionals="0" statements="4" coveredstatements="4" elements="4" coveredelements="4"/>
    </file>
    <file name="/var/www/html/fuel/app/config/db.php">
      <line num="4" type="stmt" count="1"/>
      <line num="7" type="stmt" count="1"/>
      <line num="9" type="stmt" count="1"/>
      <line num="10" type="stmt" count="1"/>
      <line num="11" type="stmt" count="1"/>
      <line num="12" type="stmt" count="1"/>
      <line num="13" type="stmt" count="1"/>
      <line num="14" type="stmt" count="1"/>
      <line num="15" type="stmt" count="1"/>
      <line num="16" type="stmt" count="1"/>
      <line num="17" type="stmt" count="1"/>
      <metrics loc="16" ncloc="16" classes="0" methods="0" coveredmethods="0" conditionals="0" coveredconditionals="0" statements="10" coveredstatements="10" elements="10" coveredelements="10"/>
    </file>
    <file name="/var/www/html/fuel/app/config/session.php">
      <line num="4" type="stmt" count="1"/>
      <line num="7" type="stmt" count="1"/>
      <line num="10" type="stmt" count="1"/>
      <line num="11" type="stmt" count="1"/>
      <line num="13" type="stmt" count="1"/>
      <line num="14" type="stmt" count="1"/>
      <line num="15" type="stmt" count="1"/>
      <line num="16" type="stmt" count="1"/>
      <line num="17" type="stmt" count="1"/>
      <metrics loc="17" ncloc="11" classes="0" methods="0" coveredmethods="0" conditionals="0" coveredconditionals="0" statements="9" coveredstatements="9" elements="9" coveredelements="9"/>
    </file>
    <file name="/var/www/html/fuel/app/config/test/db.php">
      <line num="10" type="stmt" count="1"/>
      <line num="12" type="stmt" count="1"/>
      <line num="13" type="stmt" count="1"/>
      <line num="15" type="stmt" count="1"/>
      <line num="16" type="stmt" count="1"/>
      <line num="17" type="stmt" count="1"/>
      <line num="18" type="stmt" count="1"/>
      <metrics loc="18" ncloc="11" classes="0" methods="0" coveredmethods="0" conditionals="0" coveredconditionals="0" statements="7" coveredstatements="7" elements="7" coveredelements="7"/>
    </file>
    <file name="/var/www/html/fuel/app/config/test/session.php">
      <line num="4" type="stmt" count="1"/>
      <line num="7" type="stmt" count="1"/>
      <line num="10" type="stmt" count="1"/>
      <line num="11" type="stmt" count="1"/>
      <line num="13" type="stmt" count="1"/>
      <line num="14" type="stmt" count="1"/>
      <line num="15" type="stmt" count="1"/>
      <line num="16" type="stmt" count="1"/>
      <line num="17" type="stmt" count="1"/>
      <metrics loc="17" ncloc="11" classes="0" methods="0" coveredmethods="0" conditionals="0" coveredconditionals="0" statements="9" coveredstatements="9" elements="9" coveredelements="9"/>
    </file>
    <package name="Lti">
      <file name="/var/www/html/fuel/app/modules/lti/classes/ltievents.php">
        <class name="LtiEvents" namespace="Lti">
          <metrics methods="14" coveredmethods="11" conditionals="0" coveredconditionals="0" statements="137" coveredstatements="120" elements="151" coveredelements="131"/>
        </class>
        <line num="14" type="method" name="on_before_play_start_event" crap="12.82" count="13"/>
        <line num="16" type="stmt" count="13"/>
        <line num="17" type="stmt" count="13"/>
        <line num="18" type="stmt" count="9"/>
        <line num="19" type="stmt" count="9"/>
        <line num="20" type="stmt" count="9"/>
        <line num="22" type="stmt" count="9"/>
        <line num="24" type="stmt" count="9"/>
        <line num="26" type="stmt" count="9"/>
        <line num="27" type="stmt" count="9"/>
        <line num="28" type="stmt" count="0"/>
        <line num="29" type="stmt" count="0"/>
        <line num="30" type="stmt" count="0"/>
        <line num="31" type="stmt" count="0"/>
        <line num="34" type="stmt" count="0"/>
        <line num="38" type="stmt" count="9"/>
        <line num="39" type="stmt" count="8"/>
        <line num="40" type="stmt" count="7"/>
        <line num="41" type="stmt" count="6"/>
        <line num="43" type="stmt" count="9"/>
        <line num="45" type="stmt" count="5"/>
        <line num="46" type="stmt" count="5"/>
        <line num="48" type="stmt" count="5"/>
        <line num="50" type="stmt" count="5"/>
        <line num="52" type="stmt" count="1"/>
        <line num="53" type="stmt" count="1"/>
        <line num="54" type="stmt" count="1"/>
        <line num="55" type="stmt" count="7"/>
        <line num="56" type="stmt" count="4"/>
        <line num="59" type="method" name="on_play_start_event" crap="5" count="24"/>
        <line num="61" type="stmt" count="24"/>
        <line num="63" type="stmt" count="24"/>
        <line num="65" type="stmt" count="24"/>
        <line num="66" type="stmt" count="21"/>
        <line num="68" type="stmt" count="3"/>
        <line num="69" type="stmt" count="3"/>
        <line num="70" type="stmt" count="3"/>
        <line num="71" type="stmt" count="3"/>
        <line num="73" type="stmt" count="1"/>
        <line num="74" type="stmt" count="1"/>
        <line num="76" type="stmt" count="1"/>
        <line num="77" type="stmt" count="1"/>
        <line num="78" type="stmt" count="3"/>
        <line num="80" type="stmt" count="3"/>
        <line num="81" type="stmt" count="3"/>
        <line num="83" type="method" name="on_before_score_display_event" crap="6" count="0"/>
        <line num="85" type="stmt" count="0"/>
        <line num="86" type="stmt" count="0"/>
        <line num="94" type="method" name="on_score_updated_event" crap="21.03" count="5"/>
        <line num="96" type="stmt" count="5"/>
        <line num="98" type="stmt" count="5"/>
        <line num="100" type="stmt" count="1"/>
        <line num="101" type="stmt" count="1"/>
        <line num="103" type="stmt" count="1"/>
        <line num="104" type="stmt" count="0"/>
        <line num="105" type="stmt" count="1"/>
        <line num="106" type="stmt" count="1"/>
        <line num="109" type="stmt" count="0"/>
        <line num="111" type="stmt" count="0"/>
        <line num="112" type="stmt" count="0"/>
        <line num="113" type="stmt" count="0"/>
        <line num="114" type="stmt" count="0"/>
        <line num="116" type="stmt" count="0"/>
        <line num="117" type="stmt" count="0"/>
        <line num="119" type="stmt" count="0"/>
        <line num="121" type="stmt" count="0"/>
        <line num="128" type="method" name="on_play_completed_event" crap="3" count="16"/>
        <line num="130" type="stmt" count="16"/>
        <line num="132" type="stmt" count="1"/>
        <line num="134" type="stmt" count="1"/>
        <line num="135" type="stmt" count="1"/>
        <line num="142" type="method" name="on_widget_instance_delete_event" crap="2" count="6"/>
        <line num="144" type="stmt" count="6"/>
        <line num="146" type="stmt" count="6"/>
        <line num="147" type="stmt" count="6"/>
        <line num="148" type="stmt" count="1"/>
        <line num="149" type="stmt" count="1"/>
        <line num="150" type="stmt" count="1"/>
        <line num="152" type="stmt" count="1"/>
        <line num="154" type="stmt" count="6"/>
        <line num="158" type="method" name="get_widget_from_request" crap="6" count="2"/>
        <line num="160" type="stmt" count="2"/>
        <line num="162" type="stmt" count="2"/>
        <line num="163" type="stmt" count="2"/>
        <line num="164" type="stmt" count="2"/>
        <line num="167" type="stmt" count="2"/>
        <line num="168" type="stmt" count="2"/>
        <line num="171" type="stmt" count="2"/>
        <line num="172" type="stmt" count="2"/>
        <line num="174" type="stmt" count="1"/>
        <line num="182" type="method" name="find_assoc_from_resource_id" crap="1" count="13"/>
        <line num="184" type="stmt" count="13"/>
        <line num="187" type="method" name="get_lti_play_state" crap="6" count="30"/>
        <line num="190" type="stmt" count="30"/>
        <line num="193" type="stmt" count="23"/>
        <line num="197" type="stmt" count="22"/>
        <line num="201" type="stmt" count="21"/>
        <line num="202" type="stmt" count="21"/>
        <line num="206" type="stmt" count="21"/>
        <line num="207" type="stmt" count="21"/>
        <line num="208" type="stmt" count="21"/>
        <line num="211" type="stmt" count="21"/>
        <line num="214" type="method" name="session_get_launch" crap="2" count="3"/>
        <line num="216" type="stmt" count="3"/>
        <line num="217" type="stmt" count="3"/>
        <line num="219" type="stmt" count="1"/>
        <line num="220" type="stmt" count="1"/>
        <line num="223" type="method" name="store_lti_request_into_session" crap="1" count="3"/>
        <line num="225" type="stmt" count="3"/>
        <line num="226" type="stmt" count="3"/>
        <line num="227" type="stmt" count="3"/>
        <line num="228" type="stmt" count="3"/>
        <line num="229" type="stmt" count="3"/>
        <line num="230" type="stmt" count="3"/>
        <line num="232" type="method" name="save_lti_association_if_needed" crap="5" count="10"/>
        <line num="235" type="stmt" count="10"/>
        <line num="238" type="stmt" count="10"/>
        <line num="241" type="stmt" count="10"/>
        <line num="244" type="stmt" count="10"/>
        <line num="246" type="stmt" count="10"/>
        <line num="248" type="stmt" count="10"/>
        <line num="251" type="method" name="save_lti_association" crap="2" count="10"/>
        <line num="254" type="stmt" count="10"/>
        <line num="256" type="stmt" count="10"/>
        <line num="257" type="stmt" count="10"/>
        <line num="258" type="stmt" count="10"/>
        <line num="259" type="stmt" count="10"/>
        <line num="260" type="stmt" count="10"/>
        <line num="261" type="stmt" count="10"/>
        <line num="262" type="stmt" count="10"/>
        <line num="263" type="stmt" count="10"/>
        <line num="265" type="stmt" count="10"/>
        <line num="268" type="method" name="log" crap="1" count="3"/>
        <line num="270" type="stmt" count="3"/>
        <line num="271" type="stmt" count="3"/>
        <line num="272" type="stmt" count="3"/>
        <line num="273" type="stmt" count="3"/>
        <line num="276" type="stmt" count="3"/>
        <line num="277" type="stmt" count="3"/>
        <line num="278" type="stmt" count="3"/>
        <line num="279" type="stmt" count="3"/>
        <line num="280" type="stmt" count="3"/>
        <line num="281" type="stmt" count="3"/>
        <line num="282" type="stmt" count="3"/>
        <line num="283" type="stmt" count="3"/>
        <line num="284" type="stmt" count="3"/>
        <line num="285" type="stmt" count="3"/>
        <line num="287" type="stmt" count="3"/>
        <line num="289" type="stmt" count="3"/>
        <line num="291" type="stmt" count="3"/>
        <line num="292" type="stmt" count="3"/>
        <metrics loc="293" ncloc="229" classes="1" methods="14" coveredmethods="11" conditionals="0" coveredconditionals="0" statements="137" coveredstatements="120" elements="151" coveredelements="131"/>
      </file>
      <file name="/var/www/html/fuel/app/modules/lti/classes/ltilaunch.php">
        <class name="LtiLaunch" namespace="Lti">
          <metrics methods="1" coveredmethods="1" conditionals="0" coveredconditionals="0" statements="5" coveredstatements="5" elements="6" coveredelements="6"/>
        </class>
        <line num="9" type="method" name="from_request" crap="2" count="20"/>
        <line num="11" type="stmt" count="20"/>
        <line num="13" type="stmt" count="20"/>
        <line num="14" type="stmt" count="20"/>
        <line num="15" type="stmt" count="20"/>
        <line num="18" type="stmt" count="20"/>
        <line num="22" type="stmt" count="20"/>
        <line num="23" type="stmt" count="20"/>
        <line num="24" type="stmt" count="20"/>
        <line num="25" type="stmt" count="20"/>
        <line num="26" type="stmt" count="20"/>
        <line num="27" type="stmt" count="20"/>
        <line num="28" type="stmt" count="20"/>
        <line num="29" type="stmt" count="20"/>
        <line num="30" type="stmt" count="20"/>
        <line num="31" type="stmt" count="20"/>
        <line num="32" type="stmt" count="20"/>
        <line num="33" type="stmt" count="20"/>
        <line num="34" type="stmt" count="20"/>
        <line num="35" type="stmt" count="20"/>
        <line num="36" type="stmt" count="20"/>
        <line num="38" type="stmt" count="20"/>
        <line num="40" type="stmt" count="20"/>
        <metrics loc="43" ncloc="31" classes="1" methods="1" coveredmethods="1" conditionals="0" coveredconditionals="0" statements="22" coveredstatements="22" elements="23" coveredelements="23"/>
      </file>
      <file name="/var/www/html/fuel/app/modules/lti/classes/ltiusermanager.php">
        <class name="LtiUserManager" namespace="Lti">
          <metrics methods="5" coveredmethods="3" conditionals="0" coveredconditionals="0" statements="61" coveredstatements="53" elements="66" coveredelements="56"/>
        </class>
        <line num="12" type="method" name="authenticate" crap="12.24" count="20"/>
        <line num="15" type="stmt" count="20"/>
        <line num="16" type="stmt" count="20"/>
        <line num="17" type="stmt" count="20"/>
        <line num="20" type="stmt" count="20"/>
        <line num="21" type="stmt" count="0"/>
        <line num="22" type="stmt" count="0"/>
        <line num="23" type="stmt" count="7"/>
        <line num="24" type="stmt" count="0"/>
        <line num="27" type="stmt" count="20"/>
        <line num="28" type="stmt" count="20"/>
        <line num="29" type="stmt" count="0"/>
        <line num="30" type="stmt" count="0"/>
        <line num="33" type="stmt" count="20"/>
        <line num="35" type="stmt" count="19"/>
        <line num="36" type="stmt" count="19"/>
        <line num="39" type="stmt" count="16"/>
        <line num="40" type="stmt" count="16"/>
        <line num="43" type="stmt" count="16"/>
        <line num="45" type="stmt" count="16"/>
        <line num="54" type="stmt" count="16"/>
        <line num="55" type="stmt" count="16"/>
        <line num="58" type="stmt" count="3"/>
        <line num="59" type="stmt" count="3"/>
        <line num="66" type="method" name="is_lti_user_a_content_creator" crap="3" count="26"/>
        <line num="68" type="stmt" count="26"/>
        <line num="69" type="stmt" count="26"/>
        <line num="71" type="stmt" count="26"/>
        <line num="72" type="stmt" count="19"/>
        <line num="75" type="stmt" count="3"/>
        <line num="76" type="stmt" count="3"/>
        <line num="92" type="method" name="get_or_create_user" crap="7.12" count="20"/>
        <line num="95" type="stmt" count="20"/>
        <line num="96" type="stmt" count="20"/>
        <line num="98" type="stmt" count="20"/>
        <line num="99" type="stmt" count="20"/>
        <line num="100" type="stmt" count="1"/>
        <line num="104" type="stmt" count="19"/>
        <line num="105" type="stmt" count="19"/>
        <line num="107" type="stmt" count="14"/>
        <line num="109" type="stmt" count="14"/>
        <line num="111" type="stmt" count="14"/>
        <line num="116" type="stmt" count="5"/>
        <line num="119" type="stmt" count="2"/>
        <line num="121" type="stmt" count="2"/>
        <line num="122" type="stmt" count="2"/>
        <line num="124" type="stmt" count="2"/>
        <line num="126" type="stmt" count="2"/>
        <line num="128" type="stmt" count="2"/>
        <line num="130" type="stmt" count="0"/>
        <line num="132" type="stmt" count="0"/>
        <line num="134" type="stmt" count="0"/>
        <line num="138" type="stmt" count="3"/>
        <line num="139" type="stmt" count="3"/>
        <line num="147" type="method" name="update_user_roles" crap="3" count="16"/>
        <line num="149" type="stmt" count="16"/>
        <line num="150" type="stmt" count="14"/>
        <line num="151" type="stmt" count="14"/>
        <line num="153" type="stmt" count="16"/>
        <line num="155" type="method" name="update_user_from_lti_request" crap="5" count="15"/>
        <line num="158" type="stmt" count="15"/>
        <line num="160" type="stmt" count="15"/>
        <line num="161" type="stmt" count="15"/>
        <line num="164" type="stmt" count="15"/>
        <line num="166" type="stmt" count="15"/>
        <line num="167" type="stmt" count="15"/>
        <metrics loc="168" ncloc="110" classes="1" methods="5" coveredmethods="3" conditionals="0" coveredconditionals="0" statements="61" coveredstatements="53" elements="66" coveredelements="56"/>
      </file>
      <file name="/var/www/html/fuel/app/modules/lti/classes/model/lti.php">
        <class name="Model_Lti" namespace="Lti" fullPackage="Model">
          <metrics methods="0" coveredmethods="0" conditionals="0" coveredconditionals="0" statements="0" coveredstatements="0" elements="0" coveredelements="0"/>
        </class>
        <metrics loc="34" ncloc="34" classes="1" methods="0" coveredmethods="0" conditionals="0" coveredconditionals="0" statements="0" coveredstatements="0" elements="0" coveredelements="0"/>
      </file>
      <file name="/var/www/html/fuel/app/modules/lti/classes/oauth.php">
        <class name="Oauth" namespace="Lti">
          <metrics methods="3" coveredmethods="2" conditionals="0" coveredconditionals="0" statements="56" coveredstatements="34" elements="59" coveredelements="36"/>
        </class>
        <line num="3" type="stmt" count="1"/>
        <line num="7" type="method" name="validate_post" crap="7" count="9"/>
        <line num="11" type="stmt" count="9"/>
        <line num="12" type="stmt" count="9"/>
        <line num="13" type="stmt" count="9"/>
        <line num="14" type="stmt" count="9"/>
        <line num="16" type="stmt" count="9"/>
        <line num="17" type="stmt" count="8"/>
        <line num="18" type="stmt" count="8"/>
        <line num="21" type="stmt" count="8"/>
        <line num="22" type="stmt" count="8"/>
        <line num="23" type="stmt" count="8"/>
        <line num="24" type="stmt" count="8"/>
        <line num="26" type="stmt" count="8"/>
        <line num="28" type="stmt" count="1"/>
        <line num="30" type="stmt" count="1"/>
        <line num="32" type="stmt" count="1"/>
        <line num="35" type="method" name="build_post_args" crap="2" count="8"/>
        <line num="37" type="stmt" count="8"/>
        <line num="39" type="stmt" count="8"/>
        <line num="40" type="stmt" count="8"/>
        <line num="41" type="stmt" count="8"/>
        <line num="42" type="stmt" count="8"/>
        <line num="43" type="stmt" count="8"/>
        <line num="44" type="stmt" count="8"/>
        <line num="45" type="stmt" count="8"/>
        <line num="46" type="stmt" count="8"/>
        <line num="47" type="stmt" count="8"/>
        <line num="48" type="stmt" count="8"/>
        <line num="49" type="stmt" count="8"/>
        <line num="50" type="stmt" count="8"/>
        <line num="51" type="stmt" count="8"/>
        <line num="53" type="stmt" count="8"/>
        <line num="54" type="stmt" count="8"/>
        <line num="55" type="stmt" count="8"/>
        <line num="56" type="stmt" count="8"/>
        <line num="58" type="stmt" count="8"/>
        <line num="61" type="method" name="send_body_hashed_post" crap="20" count="0"/>
        <line num="64" type="stmt" count="0"/>
        <line num="65" type="stmt" count="0"/>
        <line num="66" type="stmt" count="0"/>
        <line num="67" type="stmt" count="0"/>
        <line num="70" type="stmt" count="0"/>
        <line num="71" type="stmt" count="0"/>
        <line num="72" type="stmt" count="0"/>
        <line num="74" type="stmt" count="0"/>
        <line num="79" type="stmt" count="0"/>
        <line num="80" type="stmt" count="0"/>
        <line num="82" type="stmt" count="0"/>
        <line num="83" type="stmt" count="0"/>
        <line num="84" type="stmt" count="0"/>
        <line num="85" type="stmt" count="0"/>
        <line num="86" type="stmt" count="0"/>
        <line num="87" type="stmt" count="0"/>
        <line num="88" type="stmt" count="0"/>
        <line num="89" type="stmt" count="0"/>
        <line num="91" type="stmt" count="0"/>
        <line num="94" type="stmt" count="0"/>
        <line num="96" type="stmt" count="0"/>
        <line num="99" type="stmt" count="0"/>
        <metrics loc="101" ncloc="91" classes="1" methods="3" coveredmethods="2" conditionals="0" coveredconditionals="0" statements="57" coveredstatements="35" elements="60" coveredelements="37"/>
      </file>
    </package>
    <file name="/var/www/html/fuel/app/modules/lti/vendor/oauth.php">
      <class name="OAuthException2" namespace="global">
        <metrics methods="0" coveredmethods="0" conditionals="0" coveredconditionals="0" statements="0" coveredstatements="0" elements="0" coveredelements="0"/>
      </class>
      <class name="OAuthConsumer" namespace="global">
        <metrics methods="2" coveredmethods="1" conditionals="0" coveredconditionals="0" statements="5" coveredstatements="4" elements="7" coveredelements="5"/>
      </class>
      <class name="OAuthToken" namespace="global">
        <metrics methods="3" coveredmethods="0" conditionals="0" coveredconditionals="0" statements="7" coveredstatements="0" elements="10" coveredelements="0"/>
      </class>
      <class name="OAuthSignatureMethod" namespace="global">
        <metrics methods="1" coveredmethods="0" conditionals="0" coveredconditionals="0" statements="10" coveredstatements="0" elements="11" coveredelements="0"/>
      </class>
      <class name="OAuthSignatureMethod_HMAC_SHA1" namespace="global" fullPackage="OAuthSignatureMethod.HMAC">
        <metrics methods="2" coveredmethods="2" conditionals="0" coveredconditionals="0" statements="9" coveredstatements="9" elements="11" coveredelements="11"/>
      </class>
      <class name="OAuthSignatureMethod_PLAINTEXT" namespace="global" fullPackage="OAuthSignatureMethod">
        <metrics methods="2" coveredmethods="0" conditionals="0" coveredconditionals="0" statements="8" coveredstatements="0" elements="10" coveredelements="0"/>
      </class>
      <class name="OAuthSignatureMethod_RSA_SHA1" namespace="global" fullPackage="OAuthSignatureMethod.RSA">
        <metrics methods="3" coveredmethods="0" conditionals="0" coveredconditionals="0" statements="15" coveredstatements="0" elements="18" coveredelements="0"/>
      </class>
      <class name="OAuthRequest" namespace="global">
        <metrics methods="19" coveredmethods="10" conditionals="0" coveredconditionals="0" statements="110" coveredstatements="50" elements="129" coveredelements="60"/>
      </class>
      <class name="OAuthServer" namespace="global">
        <metrics methods="12" coveredmethods="0" conditionals="0" coveredconditionals="0" statements="93" coveredstatements="0" elements="105" coveredelements="0"/>
      </class>
      <class name="OAuthDataStore" namespace="global">
        <metrics methods="5" coveredmethods="0" conditionals="0" coveredconditionals="0" statements="5" coveredstatements="0" elements="10" coveredelements="0"/>
      </class>
      <class name="OAuthUtil" namespace="global">
        <metrics methods="6" coveredmethods="0" conditionals="0" coveredconditionals="0" statements="76" coveredstatements="20" elements="82" coveredelements="20"/>
      </class>
      <line num="14" type="method" name="__construct" crap="1" count="8"/>
      <line num="15" type="stmt" count="8"/>
      <line num="16" type="stmt" count="8"/>
      <line num="17" type="stmt" count="8"/>
      <line num="18" type="stmt" count="8"/>
      <line num="20" type="method" name="__toString" crap="2" count="0"/>
      <line num="21" type="stmt" count="0"/>
      <line num="34" type="method" name="__construct" crap="2" count="0"/>
      <line num="35" type="stmt" count="0"/>
      <line num="36" type="stmt" count="0"/>
      <line num="37" type="stmt" count="0"/>
      <line num="43" type="method" name="to_string" crap="2" count="0"/>
      <line num="45" type="stmt" count="0"/>
      <line num="46" type="stmt" count="0"/>
      <line num="47" type="stmt" count="0"/>
      <line num="50" type="method" name="__toString" crap="2" count="0"/>
      <line num="51" type="stmt" count="0"/>
      <line num="86" type="method" name="check_signature" crap="30" count="0"/>
      <line num="87" type="stmt" count="0"/>
      <line num="90" type="stmt" count="0"/>
      <line num="91" type="stmt" count="0"/>
      <line num="94" type="stmt" count="0"/>
      <line num="95" type="stmt" count="0"/>
      <line num="99" type="stmt" count="0"/>
      <line num="100" type="stmt" count="0"/>
      <line num="101" type="stmt" count="0"/>
      <line num="102" type="stmt" count="0"/>
      <line num="104" type="stmt" count="0"/>
      <line num="116" type="method" name="get_name" crap="1" count="8"/>
      <line num="117" type="stmt" count="8"/>
      <line num="120" type="method" name="build_signature" crap="2" count="8"/>
      <line num="121" type="stmt" count="8"/>
      <line num="122" type="stmt" count="8"/>
      <line num="125" type="stmt" count="8"/>
      <line num="126" type="stmt" count="8"/>
      <line num="127" type="stmt" count="8"/>
      <line num="129" type="stmt" count="8"/>
      <line num="130" type="stmt" count="8"/>
      <line num="132" type="stmt" count="8"/>
      <line num="142" type="method" name="get_name" crap="2" count="0"/>
      <line num="143" type="stmt" count="0"/>
      <line num="155" type="method" name="build_signature" crap="6" count="0"/>
      <line num="157" type="stmt" count="0"/>
      <line num="158" type="stmt" count="0"/>
      <line num="159" type="stmt" count="0"/>
      <line num="161" type="stmt" count="0"/>
      <line num="162" type="stmt" count="0"/>
      <line num="163" type="stmt" count="0"/>
      <line num="165" type="stmt" count="0"/>
      <line num="178" type="method" name="get_name" crap="2" count="0"/>
      <line num="179" type="stmt" count="0"/>
      <line num="196" type="method" name="build_signature" crap="2" count="0"/>
      <line num="197" type="stmt" count="0"/>
      <line num="198" type="stmt" count="0"/>
      <line num="201" type="stmt" count="0"/>
      <line num="204" type="stmt" count="0"/>
      <line num="207" type="stmt" count="0"/>
      <line num="210" type="stmt" count="0"/>
      <line num="212" type="stmt" count="0"/>
      <line num="215" type="method" name="check_signature" crap="2" count="0"/>
      <line num="216" type="stmt" count="0"/>
      <line num="218" type="stmt" count="0"/>
      <line num="221" type="stmt" count="0"/>
      <line num="224" type="stmt" count="0"/>
      <line num="227" type="stmt" count="0"/>
      <line num="230" type="stmt" count="0"/>
      <line num="232" type="stmt" count="0"/>
      <line num="245" type="method" name="__construct" crap="2" count="8"/>
      <line num="246" type="stmt" count="8"/>
      <line num="247" type="stmt" count="8"/>
      <line num="248" type="stmt" count="8"/>
      <line num="249" type="stmt" count="8"/>
      <line num="250" type="stmt" count="8"/>
      <line num="251" type="stmt" count="8"/>
      <line num="257" type="method" name="from_request" crap="132" count="0"/>
      <line num="258" type="stmt" count="0"/>
      <line num="259" type="stmt" count="0"/>
      <line num="260" type="stmt" count="0"/>
      <line num="261" type="stmt" count="0"/>
      <line num="262" type="stmt" count="0"/>
      <line num="263" type="stmt" count="0"/>
      <line num="264" type="stmt" count="0"/>
      <line num="265" type="stmt" count="0"/>
      <line num="266" type="stmt" count="0"/>
      <line num="272" type="stmt" count="0"/>
      <line num="274" type="stmt" count="0"/>
      <line num="277" type="stmt" count="0"/>
      <line num="282" type="stmt" count="0"/>
      <line num="283" type="stmt" count="0"/>
      <line num="284" type="stmt" count="0"/>
      <line num="285" type="stmt" count="0"/>
      <line num="286" type="stmt" count="0"/>
      <line num="287" type="stmt" count="0"/>
      <line num="288" type="stmt" count="0"/>
      <line num="289" type="stmt" count="0"/>
      <line num="294" type="stmt" count="0"/>
      <line num="295" type="stmt" count="0"/>
      <line num="296" type="stmt" count="0"/>
      <line num="297" type="stmt" count="0"/>
      <line num="298" type="stmt" count="0"/>
      <line num="303" type="stmt" count="0"/>
      <line num="309" type="method" name="from_consumer_and_token" crap="3" count="8"/>
      <line num="310" type="stmt" count="8"/>
      <line num="311" type="stmt" count="8"/>
      <line num="312" type="stmt" count="8"/>
      <line num="313" type="stmt" count="8"/>
      <line num="314" type="stmt" count="8"/>
      <line num="316" type="stmt" count="8"/>
      <line num="318" type="stmt" count="8"/>
      <line num="320" type="stmt" count="8"/>
      <line num="323" type="method" name="set_parameter" crap="6.99" count="8"/>
      <line num="324" type="stmt" count="8"/>
      <line num="326" type="stmt" count="0"/>
      <line num="329" type="stmt" count="0"/>
      <line num="332" type="stmt" count="0"/>
      <line num="333" type="stmt" count="0"/>
      <line num="334" type="stmt" count="8"/>
      <line num="336" type="stmt" count="8"/>
      <line num="338" type="method" name="get_parameter" crap="6" count="0"/>
      <line num="339" type="stmt" count="0"/>
      <line num="342" type="method" name="get_parameters" crap="1" count="8"/>
      <line num="343" type="stmt" count="8"/>
      <line num="346" type="method" name="unset_parameter" crap="2" count="0"/>
      <line num="347" type="stmt" count="0"/>
      <line num="348" type="stmt" count="0"/>
      <line num="354" type="method" name="get_signable_parameters" crap="2" count="8"/>
      <line num="356" type="stmt" count="8"/>
      <line num="360" type="stmt" count="8"/>
      <line num="361" type="stmt" count="8"/>
      <line num="364" type="stmt" count="8"/>
      <line num="374" type="method" name="get_signature_base_string" crap="1" count="8"/>
      <line num="376" type="stmt" count="8"/>
      <line num="377" type="stmt" count="8"/>
      <line num="378" type="stmt" count="8"/>
      <line num="379" type="stmt" count="8"/>
      <line num="381" type="stmt" count="8"/>
      <line num="383" type="stmt" count="8"/>
      <line num="389" type="method" name="get_normalized_http_method" crap="1" count="8"/>
      <line num="390" type="stmt" count="8"/>
      <line num="397" type="method" name="get_normalized_http_url" crap="10.14" count="8"/>
      <line num="398" type="stmt" count="8"/>
      <line num="400" type="stmt" count="8"/>
      <line num="401" type="stmt" count="8"/>
      <line num="402" type="stmt" count="8"/>
      <line num="403" type="stmt" count="8"/>
      <line num="405" type="stmt" count="8"/>
      <line num="406" type="stmt" count="8"/>
      <line num="407" type="stmt" count="0"/>
      <line num="409" type="stmt" count="8"/>
      <line num="415" type="method" name="to_url" crap="6" count="0"/>
      <line num="416" type="stmt" count="0"/>
      <line num="417" type="stmt" count="0"/>
      <line num="418" type="stmt" count="0"/>
      <line num="419" type="stmt" count="0"/>
      <line num="421" type="stmt" count="0"/>
      <line num="427" type="method" name="to_postdata" crap="2" count="0"/>
      <line num="428" type="stmt" count="0"/>
      <line num="434" type="method" name="to_header" crap="42" count="0"/>
      <line num="435" type="stmt" count="0"/>
      <line num="436" type="stmt" count="0"/>
      <line num="437" type="stmt" count="0"/>
      <line num="438" type="stmt" count="0"/>
      <line num="439" type="stmt" count="0"/>
      <line num="440" type="stmt" count="0"/>
      <line num="442" type="stmt" count="0"/>
      <line num="443" type="stmt" count="0"/>
      <line num="444" type="stmt" count="0"/>
      <line num="445" type="stmt" count="0"/>
      <line num="446" type="stmt" count="0"/>
      <line num="448" type="stmt" count="0"/>
      <line num="449" type="stmt" count="0"/>
      <line num="450" type="stmt" count="0"/>
      <line num="451" type="stmt" count="0"/>
      <line num="452" type="stmt" count="0"/>
      <line num="453" type="stmt" count="0"/>
      <line num="454" type="stmt" count="0"/>
      <line num="455" type="stmt" count="0"/>
      <line num="458" type="method" name="__toString" crap="2" count="0"/>
      <line num="459" type="stmt" count="0"/>
      <line num="463" type="method" name="sign_request" crap="1" count="8"/>
      <line num="464" type="stmt" count="8"/>
      <line num="465" type="stmt" count="8"/>
      <line num="466" type="stmt" count="8"/>
      <line num="468" type="stmt" count="8"/>
      <line num="469" type="stmt" count="8"/>
      <line num="470" type="stmt" count="8"/>
      <line num="471" type="stmt" count="8"/>
      <line num="473" type="method" name="build_signature" crap="1" count="8"/>
      <line num="474" type="stmt" count="8"/>
      <line num="475" type="stmt" count="8"/>
      <line num="481" type="method" name="generate_timestamp" crap="1" count="8"/>
      <line num="482" type="stmt" count="8"/>
      <line num="488" type="method" name="generate_nonce" crap="1" count="8"/>
      <line num="489" type="stmt" count="8"/>
      <line num="490" type="stmt" count="8"/>
      <line num="492" type="stmt" count="8"/>
      <line num="503" type="method" name="__construct" crap="2" count="0"/>
      <line num="504" type="stmt" count="0"/>
      <line num="505" type="stmt" count="0"/>
      <line num="507" type="method" name="add_signature_method" crap="2" count="0"/>
      <line num="508" type="stmt" count="0"/>
      <line num="510" type="stmt" count="0"/>
      <line num="518" type="method" name="fetch_request_token" crap="2" count="0"/>
      <line num="519" type="stmt" count="0"/>
      <line num="521" type="stmt" count="0"/>
      <line num="524" type="stmt" count="0"/>
      <line num="526" type="stmt" count="0"/>
      <line num="529" type="stmt" count="0"/>
      <line num="530" type="stmt" count="0"/>
      <line num="532" type="stmt" count="0"/>
      <line num="539" type="method" name="fetch_access_token" crap="2" count="0"/>
      <line num="540" type="stmt" count="0"/>
      <line num="542" type="stmt" count="0"/>
      <line num="545" type="stmt" count="0"/>
      <line num="547" type="stmt" count="0"/>
      <line num="550" type="stmt" count="0"/>
      <line num="551" type="stmt" count="0"/>
      <line num="553" type="stmt" count="0"/>
      <line num="559" type="method" name="verify_request" crap="2" count="0"/>
      <line num="560" type="stmt" count="0"/>
      <line num="561" type="stmt" count="0"/>
      <line num="562" type="stmt" count="0"/>
      <line num="563" type="stmt" count="0"/>
      <line num="564" type="stmt" count="0"/>
      <line num="571" type="method" name="get_version" crap="12" count="0"/>
      <line num="572" type="stmt" count="0"/>
      <line num="573" type="stmt" count="0"/>
      <line num="576" type="stmt" count="0"/>
      <line num="578" type="stmt" count="0"/>
      <line num="579" type="stmt" count="0"/>
      <line num="581" type="stmt" count="0"/>
      <line num="587" type="method" name="get_signature_method" crap="20" count="0"/>
      <line num="589" type="stmt" count="0"/>
      <line num="590" type="stmt" count="0"/>
      <line num="592" type="stmt" count="0"/>
      <line num="595" type="stmt" count="0"/>
      <line num="598" type="stmt" count="0"/>
      <line num="599" type="stmt" count="0"/>
      <line num="600" type="stmt" count="0"/>
      <line num="601" type="stmt" count="0"/>
      <line num="602" type="stmt" count="0"/>
      <line num="603" type="stmt" count="0"/>
      <line num="604" type="stmt" count="0"/>
      <line num="606" type="stmt" count="0"/>
      <line num="612" type="method" name="get_consumer" crap="20" count="0"/>
      <line num="614" type="stmt" count="0"/>
      <line num="615" type="stmt" count="0"/>
      <line num="617" type="stmt" count="0"/>
      <line num="618" type="stmt" count="0"/>
      <line num="621" type="stmt" count="0"/>
      <line num="622" type="stmt" count="0"/>
      <line num="623" type="stmt" count="0"/>
      <line num="626" type="stmt" count="0"/>
      <line num="632" type="method" name="get_token" crap="12" count="0"/>
      <line num="634" type="stmt" count="0"/>
      <line num="635" type="stmt" count="0"/>
      <line num="637" type="stmt" count="0"/>
      <line num="638" type="stmt" count="0"/>
      <line num="639" type="stmt" count="0"/>
      <line num="640" type="stmt" count="0"/>
      <line num="641" type="stmt" count="0"/>
      <line num="643" type="stmt" count="0"/>
      <line num="650" type="method" name="check_signature" crap="20" count="0"/>
      <line num="653" type="stmt" count="0"/>
      <line num="654" type="stmt" count="0"/>
      <line num="656" type="stmt" count="0"/>
      <line num="657" type="stmt" count="0"/>
      <line num="659" type="stmt" count="0"/>
      <line num="660" type="stmt" count="0"/>
      <line num="662" type="stmt" count="0"/>
      <line num="664" type="stmt" count="0"/>
      <line num="665" type="stmt" count="0"/>
      <line num="666" type="stmt" count="0"/>
      <line num="667" type="stmt" count="0"/>
      <line num="668" type="stmt" count="0"/>
      <line num="670" type="stmt" count="0"/>
      <line num="672" type="stmt" count="0"/>
      <line num="673" type="stmt" count="0"/>
      <line num="675" type="stmt" count="0"/>
      <line num="680" type="method" name="check_timestamp" crap="12" count="0"/>
      <line num="681" type="stmt" count="0"/>
      <line num="682" type="stmt" count="0"/>
      <line num="684" type="stmt" count="0"/>
      <line num="687" type="stmt" count="0"/>
      <line num="688" type="stmt" count="0"/>
      <line num="689" type="stmt" count="0"/>
      <line num="690" type="stmt" count="0"/>
      <line num="691" type="stmt" count="0"/>
      <line num="693" type="stmt" count="0"/>
      <line num="698" type="method" name="check_nonce" crap="12" count="0"/>
      <line num="699" type="stmt" count="0"/>
      <line num="700" type="stmt" count="0"/>
      <line num="702" type="stmt" count="0"/>
      <line num="705" type="stmt" count="0"/>
      <line num="706" type="stmt" count="0"/>
      <line num="707" type="stmt" count="0"/>
      <line num="708" type="stmt" count="0"/>
      <line num="710" type="stmt" count="0"/>
      <line num="711" type="stmt" count="0"/>
      <line num="712" type="stmt" count="0"/>
      <line num="714" type="stmt" count="0"/>
      <line num="719" type="method" name="lookup_consumer" crap="2" count="0"/>
      <line num="721" type="stmt" count="0"/>
      <line num="723" type="method" name="lookup_token" crap="2" count="0"/>
      <line num="725" type="stmt" count="0"/>
      <line num="727" type="method" name="lookup_nonce" crap="2" count="0"/>
      <line num="729" type="stmt" count="0"/>
      <line num="731" type="method" name="new_request_token" crap="2" count="0"/>
      <line num="733" type="stmt" count="0"/>
      <line num="735" type="method" name="new_access_token" crap="2" count="0"/>
      <line num="740" type="stmt" count="0"/>
      <line num="745" type="method" name="urlencode_rfc3986" crap="3.01" count="8"/>
      <line num="746" type="stmt" count="8"/>
      <line num="747" type="stmt" count="8"/>
      <line num="748" type="stmt" count="8"/>
      <line num="749" type="stmt" count="8"/>
      <line num="750" type="stmt" count="8"/>
      <line num="751" type="stmt" count="8"/>
      <line num="752" type="stmt" count="8"/>
      <line num="753" type="stmt" count="8"/>
      <line num="755" type="stmt" count="0"/>
      <line num="763" type="method" name="urldecode_rfc3986" crap="2" count="0"/>
      <line num="764" type="stmt" count="0"/>
      <line num="772" type="method" name="split_header" crap="42" count="0"/>
      <line num="773" type="stmt" count="0"/>
      <line num="774" type="stmt" count="0"/>
      <line num="775" type="stmt" count="0"/>
      <line num="776" type="stmt" count="0"/>
      <line num="777" type="stmt" count="0"/>
      <line num="778" type="stmt" count="0"/>
      <line num="779" type="stmt" count="0"/>
      <line num="782" type="stmt" count="0"/>
      <line num="786" type="method" name="get_headers" crap="56" count="0"/>
      <line num="787" type="stmt" count="0"/>
      <line num="790" type="stmt" count="0"/>
      <line num="796" type="stmt" count="0"/>
      <line num="797" type="stmt" count="0"/>
      <line num="798" type="stmt" count="0"/>
      <line num="799" type="stmt" count="0"/>
      <line num="800" type="stmt" count="0"/>
      <line num="801" type="stmt" count="0"/>
      <line num="802" type="stmt" count="0"/>
      <line num="803" type="stmt" count="0"/>
      <line num="804" type="stmt" count="0"/>
      <line num="805" type="stmt" count="0"/>
      <line num="808" type="stmt" count="0"/>
      <line num="809" type="stmt" count="0"/>
      <line num="810" type="stmt" count="0"/>
      <line num="811" type="stmt" count="0"/>
      <line num="812" type="stmt" count="0"/>
      <line num="814" type="stmt" count="0"/>
      <line num="815" type="stmt" count="0"/>
      <line num="819" type="stmt" count="0"/>
      <line num="820" type="stmt" count="0"/>
      <line num="821" type="stmt" count="0"/>
      <line num="822" type="stmt" count="0"/>
      <line num="823" type="stmt" count="0"/>
      <line num="824" type="stmt" count="0"/>
      <line num="826" type="stmt" count="0"/>
      <line num="828" type="stmt" count="0"/>
      <line num="834" type="method" name="parse_parameters" crap="46.84" count="8"/>
      <line num="835" type="stmt" count="8"/>
      <line num="837" type="stmt" count="0"/>
      <line num="839" type="stmt" count="0"/>
      <line num="840" type="stmt" count="0"/>
      <line num="841" type="stmt" count="0"/>
      <line num="842" type="stmt" count="0"/>
      <line num="843" type="stmt" count="0"/>
      <line num="845" type="stmt" count="0"/>
      <line num="849" type="stmt" count="0"/>
      <line num="852" type="stmt" count="0"/>
      <line num="855" type="stmt" count="0"/>
      <line num="856" type="stmt" count="0"/>
      <line num="857" type="stmt" count="0"/>
      <line num="859" type="stmt" count="0"/>
      <line num="860" type="stmt" count="0"/>
      <line num="863" type="method" name="build_http_query" crap="5.76" count="8"/>
      <line num="864" type="stmt" count="8"/>
      <line num="867" type="stmt" count="8"/>
      <line num="868" type="stmt" count="8"/>
      <line num="869" type="stmt" count="8"/>
      <line num="873" type="stmt" count="8"/>
      <line num="875" type="stmt" count="8"/>
      <line num="876" type="stmt" count="8"/>
      <line num="877" type="stmt" count="8"/>
      <line num="881" type="stmt" count="0"/>
      <line num="882" type="stmt" count="0"/>
      <line num="883" type="stmt" count="0"/>
      <line num="884" type="stmt" count="0"/>
      <line num="885" type="stmt" count="0"/>
      <line num="886" type="stmt" count="8"/>
      <line num="888" type="stmt" count="8"/>
      <line num="891" type="stmt" count="8"/>
      <metrics loc="893" ncloc="558" classes="11" methods="55" coveredmethods="13" conditionals="0" coveredconditionals="0" statements="338" coveredstatements="83" elements="393" coveredelements="96"/>
    </file>
    <file name="/var/www/html/fuel/core/base.php">
      <line num="24" type="stmt" count="0"/>
      <line num="26" type="stmt" count="0"/>
      <line num="27" type="stmt" count="0"/>
      <line num="28" type="stmt" count="0"/>
      <line num="31" type="stmt" count="0"/>
      <line num="32" type="stmt" count="0"/>
      <line num="33" type="stmt" count="0"/>
      <line num="35" type="stmt" count="0"/>
      <line num="60" type="stmt" count="24"/>
      <line num="63" type="stmt" count="24"/>
      <line num="64" type="stmt" count="0"/>
      <line num="65" type="stmt" count="0"/>
      <line num="68" type="stmt" count="24"/>
      <line num="71" type="stmt" count="24"/>
      <line num="74" type="stmt" count="24"/>
      <line num="75" type="stmt" count="24"/>
      <line num="76" type="stmt" count="0"/>
      <line num="80" type="stmt" count="24"/>
      <line num="81" type="stmt" count="24"/>
      <line num="82" type="stmt" count="0"/>
      <line num="86" type="stmt" count="24"/>
      <line num="87" type="stmt" count="24"/>
      <line num="88" type="stmt" count="24"/>
      <line num="89" type="stmt" count="24"/>
      <line num="91" type="stmt" count="24"/>
      <line num="92" type="stmt" count="24"/>
      <line num="93" type="stmt" count="24"/>
      <line num="97" type="stmt" count="24"/>
      <line num="98" type="stmt" count="24"/>
      <line num="99" type="stmt" count="0"/>
      <line num="102" type="stmt" count="24"/>
      <line num="116" type="stmt" count="3"/>
      <line num="118" type="stmt" count="3"/>
      <line num="121" type="stmt" count="3"/>
      <line num="122" type="stmt" count="3"/>
      <line num="123" type="stmt" count="0"/>
      <line num="127" type="stmt" count="3"/>
      <line num="128" type="stmt" count="3"/>
      <line num="129" type="stmt" count="0"/>
      <line num="132" type="stmt" count="3"/>
      <line num="133" type="stmt" count="3"/>
      <line num="136" type="stmt" count="3"/>
      <line num="160" type="stmt" count="3"/>
      <line num="163" type="stmt" count="3"/>
      <line num="164" type="stmt" count="3"/>
      <line num="167" type="stmt" count="3"/>
      <line num="168" type="stmt" count="3"/>
      <line num="170" type="stmt" count="0"/>
      <line num="171" type="stmt" count="0"/>
      <line num="175" type="stmt" count="3"/>
      <line num="178" type="stmt" count="3"/>
      <line num="193" type="stmt" count="0"/>
      <line num="207" type="stmt" count="0"/>
      <line num="223" type="stmt" count="0"/>
      <line num="238" type="stmt" count="0"/>
      <line num="252" type="stmt" count="0"/>
      <line num="267" type="stmt" count="0"/>
      <line num="269" type="stmt" count="0"/>
      <line num="270" type="stmt" count="0"/>
      <line num="271" type="stmt" count="0"/>
      <line num="272" type="stmt" count="0"/>
      <line num="275" type="stmt" count="0"/>
      <line num="307" type="stmt" count="0"/>
      <line num="310" type="stmt" count="0"/>
      <line num="311" type="stmt" count="0"/>
      <line num="312" type="stmt" count="0"/>
      <line num="313" type="stmt" count="0"/>
      <line num="314" type="stmt" count="0"/>
      <line num="315" type="stmt" count="0"/>
      <line num="316" type="stmt" count="0"/>
      <line num="317" type="stmt" count="0"/>
      <line num="318" type="stmt" count="0"/>
      <line num="320" type="stmt" count="0"/>
      <line num="322" type="stmt" count="0"/>
      <line num="323" type="stmt" count="0"/>
      <line num="327" type="stmt" count="0"/>
      <line num="330" type="stmt" count="0"/>
      <line num="331" type="stmt" count="0"/>
      <line num="332" type="stmt" count="0"/>
      <line num="335" type="stmt" count="0"/>
      <line num="336" type="stmt" count="0"/>
      <line num="337" type="stmt" count="0"/>
      <line num="341" type="stmt" count="0"/>
      <line num="342" type="stmt" count="0"/>
      <line num="345" type="stmt" count="0"/>
      <line num="346" type="stmt" count="0"/>
      <line num="347" type="stmt" count="0"/>
      <line num="349" type="stmt" count="0"/>
      <line num="350" type="stmt" count="0"/>
      <line num="351" type="stmt" count="0"/>
      <line num="352" type="stmt" count="0"/>
      <line num="356" type="stmt" count="0"/>
      <line num="357" type="stmt" count="0"/>
      <line num="358" type="stmt" count="0"/>
      <line num="359" type="stmt" count="0"/>
      <line num="361" type="stmt" count="0"/>
      <line num="365" type="stmt" count="0"/>
      <line num="366" type="stmt" count="0"/>
      <line num="367" type="stmt" count="0"/>
      <line num="368" type="stmt" count="0"/>
      <line num="370" type="stmt" count="0"/>
      <line num="376" type="stmt" count="0"/>
      <line num="378" type="stmt" count="0"/>
      <line num="379" type="stmt" count="0"/>
      <line num="380" type="stmt" count="0"/>
      <line num="382" type="stmt" count="0"/>
      <line num="385" type="stmt" count="0"/>
      <line num="386" type="stmt" count="0"/>
      <line num="387" type="stmt" count="0"/>
      <line num="388" type="stmt" count="0"/>
      <line num="389" type="stmt" count="0"/>
      <line num="390" type="stmt" count="0"/>
      <line num="391" type="stmt" count="0"/>
      <line num="392" type="stmt" count="0"/>
      <line num="407" type="stmt" count="0"/>
      <line num="408" type="stmt" count="0"/>
      <line num="409" type="stmt" count="0"/>
      <line num="411" type="stmt" count="0"/>
      <line num="412" type="stmt" count="0"/>
      <line num="413" type="stmt" count="0"/>
      <line num="415" type="stmt" count="0"/>
      <line num="416" type="stmt" count="0"/>
      <line num="417" type="stmt" count="0"/>
      <line num="419" type="stmt" count="0"/>
      <line num="420" type="stmt" count="0"/>
      <line num="421" type="stmt" count="0"/>
      <line num="422" type="stmt" count="0"/>
      <line num="423" type="stmt" count="0"/>
      <line num="435" type="stmt" count="76"/>
      <line num="436" type="stmt" count="64"/>
      <line num="437" type="stmt" count="64"/>
      <line num="441" type="stmt" count="76"/>
      <line num="442" type="stmt" count="76"/>
      <line num="444" type="stmt" count="76"/>
      <line num="445" type="stmt" count="76"/>
      <line num="446" type="stmt" count="76"/>
      <line num="449" type="stmt" count="76"/>
      <line num="454" type="stmt" count="76"/>
      <line num="455" type="stmt" count="0"/>
      <line num="457" type="stmt" count="76"/>
      <line num="458" type="stmt" count="2"/>
      <line num="460" type="stmt" count="76"/>
      <line num="461" type="stmt" count="63"/>
      <line num="463" type="stmt" count="73"/>
      <line num="464" type="stmt" count="73"/>
      <line num="466" type="stmt" count="0"/>
      <line num="467" type="stmt" count="0"/>
      <line num="471" type="stmt" count="64"/>
      <line num="473" type="stmt" count="64"/>
      <line num="474" type="stmt" count="64"/>
      <line num="477" type="stmt" count="64"/>
      <line num="479" type="stmt" count="64"/>
      <line num="480" type="stmt" count="0"/>
      <line num="482" type="stmt" count="64"/>
      <line num="483" type="stmt" count="0"/>
      <line num="485" type="stmt" count="64"/>
      <line num="486" type="stmt" count="0"/>
      <line num="488" type="stmt" count="64"/>
      <line num="489" type="stmt" count="0"/>
      <line num="491" type="stmt" count="64"/>
      <line num="492" type="stmt" count="0"/>
      <line num="493" type="stmt" count="64"/>
      <line num="494" type="stmt" count="64"/>
      <line num="497" type="stmt" count="0"/>
      <line num="499" type="stmt" count="0"/>
      <line num="502" type="stmt" count="0"/>
      <line num="504" type="stmt" count="0"/>
      <line num="505" type="stmt" count="0"/>
      <line num="507" type="stmt" count="0"/>
      <line num="508" type="stmt" count="0"/>
      <line num="510" type="stmt" count="0"/>
      <line num="511" type="stmt" count="0"/>
      <line num="513" type="stmt" count="0"/>
      <line num="514" type="stmt" count="0"/>
      <line num="516" type="stmt" count="0"/>
      <line num="517" type="stmt" count="0"/>
      <line num="518" type="stmt" count="0"/>
      <line num="522" type="stmt" count="64"/>
      <metrics loc="524" ncloc="322" classes="0" methods="0" coveredmethods="0" conditionals="0" coveredconditionals="0" statements="178" coveredstatements="62" elements="178" coveredelements="62"/>
    </file>
    <file name="/var/www/html/fuel/core/bootstrap.php">
      <line num="43" type="stmt" count="0"/>
      <line num="46" type="stmt" count="0"/>
      <line num="47" type="stmt" count="0"/>
      <line num="49" type="stmt" count="0"/>
      <line num="54" type="stmt" count="0"/>
      <line num="59" type="stmt" count="0"/>
      <line num="62" type="stmt" count="0"/>
      <line num="64" type="stmt" count="0"/>
      <line num="66" type="stmt" count="0"/>
      <line num="67" type="stmt" count="0"/>
      <line num="68" type="stmt" count="0"/>
      <line num="69" type="stmt" count="0"/>
      <line num="70" type="stmt" count="0"/>
      <line num="74" type="stmt" count="0"/>
      <line num="77" type="stmt" count="0"/>
      <line num="83" type="stmt" count="0"/>
      <line num="86" type="stmt" count="0"/>
      <line num="87" type="stmt" count="0"/>
      <line num="88" type="stmt" count="0"/>
      <line num="89" type="stmt" count="0"/>
      <line num="90" type="stmt" count="0"/>
      <line num="93" type="stmt" count="0"/>
      <line num="99" type="stmt" count="0"/>
      <line num="102" type="stmt" count="0"/>
      <line num="103" type="stmt" count="0"/>
      <line num="104" type="stmt" count="0"/>
      <line num="105" type="stmt" count="0"/>
      <line num="106" type="stmt" count="0"/>
      <line num="109" type="stmt" count="0"/>
      <line num="114" type="stmt" count="0"/>
      <line num="116" type="stmt" count="0"/>
      <line num="118" type="stmt" count="0"/>
      <line num="119" type="stmt" count="0"/>
      <line num="121" type="stmt" count="0"/>
      <line num="123" type="stmt" count="0"/>
      <line num="124" type="stmt" count="0"/>
      <line num="126" type="stmt" count="0"/>
      <line num="127" type="stmt" count="0"/>
      <line num="128" type="stmt" count="0"/>
      <line num="129" type="stmt" count="0"/>
      <line num="130" type="stmt" count="0"/>
      <line num="131" type="stmt" count="0"/>
      <line num="132" type="stmt" count="0"/>
      <line num="133" type="stmt" count="0"/>
      <line num="134" type="stmt" count="0"/>
      <line num="135" type="stmt" count="0"/>
      <line num="136" type="stmt" count="0"/>
      <line num="137" type="stmt" count="0"/>
      <line num="138" type="stmt" count="0"/>
      <line num="140" type="stmt" count="0"/>
      <line num="141" type="stmt" count="0"/>
      <line num="142" type="stmt" count="0"/>
      <line num="143" type="stmt" count="0"/>
      <line num="144" type="stmt" count="0"/>
      <line num="145" type="stmt" count="0"/>
      <line num="146" type="stmt" count="0"/>
      <line num="147" type="stmt" count="0"/>
      <line num="148" type="stmt" count="0"/>
      <line num="149" type="stmt" count="0"/>
      <line num="151" type="stmt" count="0"/>
      <line num="152" type="stmt" count="0"/>
      <line num="153" type="stmt" count="0"/>
      <line num="154" type="stmt" count="0"/>
      <line num="156" type="stmt" count="0"/>
      <line num="158" type="stmt" count="0"/>
      <line num="159" type="stmt" count="0"/>
      <line num="161" type="stmt" count="0"/>
      <line num="162" type="stmt" count="0"/>
      <line num="163" type="stmt" count="0"/>
      <line num="164" type="stmt" count="0"/>
      <line num="165" type="stmt" count="0"/>
      <line num="166" type="stmt" count="0"/>
      <line num="167" type="stmt" count="0"/>
      <line num="168" type="stmt" count="0"/>
      <line num="169" type="stmt" count="0"/>
      <line num="170" type="stmt" count="0"/>
      <line num="171" type="stmt" count="0"/>
      <line num="172" type="stmt" count="0"/>
      <line num="173" type="stmt" count="0"/>
      <line num="174" type="stmt" count="0"/>
      <line num="175" type="stmt" count="0"/>
      <line num="176" type="stmt" count="0"/>
      <line num="177" type="stmt" count="0"/>
      <line num="178" type="stmt" count="0"/>
      <line num="180" type="stmt" count="0"/>
      <line num="181" type="stmt" count="0"/>
      <line num="183" type="stmt" count="0"/>
      <line num="185" type="stmt" count="0"/>
      <line num="187" type="stmt" count="0"/>
      <line num="189" type="stmt" count="0"/>
      <line num="191" type="stmt" count="0"/>
      <line num="193" type="stmt" count="0"/>
      <line num="194" type="stmt" count="0"/>
      <line num="196" type="stmt" count="0"/>
      <line num="197" type="stmt" count="0"/>
      <line num="199" type="stmt" count="0"/>
      <line num="201" type="stmt" count="0"/>
      <line num="202" type="stmt" count="0"/>
      <line num="204" type="stmt" count="0"/>
      <line num="205" type="stmt" count="0"/>
      <line num="206" type="stmt" count="0"/>
      <line num="207" type="stmt" count="0"/>
      <line num="208" type="stmt" count="0"/>
      <line num="209" type="stmt" count="0"/>
      <line num="210" type="stmt" count="0"/>
      <line num="212" type="stmt" count="0"/>
      <line num="213" type="stmt" count="0"/>
      <line num="215" type="stmt" count="0"/>
      <line num="216" type="stmt" count="0"/>
      <line num="217" type="stmt" count="0"/>
      <line num="219" type="stmt" count="0"/>
      <line num="220" type="stmt" count="0"/>
      <line num="221" type="stmt" count="0"/>
      <line num="222" type="stmt" count="0"/>
      <line num="224" type="stmt" count="0"/>
      <line num="226" type="stmt" count="0"/>
      <line num="227" type="stmt" count="0"/>
      <line num="228" type="stmt" count="0"/>
      <line num="229" type="stmt" count="0"/>
      <line num="230" type="stmt" count="0"/>
      <line num="232" type="stmt" count="0"/>
      <line num="234" type="stmt" count="0"/>
      <line num="236" type="stmt" count="0"/>
      <line num="237" type="stmt" count="0"/>
      <line num="238" type="stmt" count="0"/>
      <line num="239" type="stmt" count="0"/>
      <line num="240" type="stmt" count="0"/>
      <line num="241" type="stmt" count="0"/>
      <line num="242" type="stmt" count="0"/>
      <line num="243" type="stmt" count="0"/>
      <line num="244" type="stmt" count="0"/>
      <line num="246" type="stmt" count="0"/>
      <line num="248" type="stmt" count="0"/>
      <line num="250" type="stmt" count="0"/>
      <line num="252" type="stmt" count="0"/>
      <line num="253" type="stmt" count="0"/>
      <line num="255" type="stmt" count="0"/>
      <line num="256" type="stmt" count="0"/>
      <line num="258" type="stmt" count="0"/>
      <line num="259" type="stmt" count="0"/>
      <line num="261" type="stmt" count="0"/>
      <line num="263" type="stmt" count="0"/>
      <line num="264" type="stmt" count="0"/>
      <line num="266" type="stmt" count="0"/>
      <line num="268" type="stmt" count="0"/>
      <line num="270" type="stmt" count="0"/>
      <line num="272" type="stmt" count="0"/>
      <line num="273" type="stmt" count="0"/>
      <line num="274" type="stmt" count="0"/>
      <line num="275" type="stmt" count="0"/>
      <line num="276" type="stmt" count="0"/>
      <line num="277" type="stmt" count="0"/>
      <line num="279" type="stmt" count="0"/>
      <line num="280" type="stmt" count="0"/>
      <line num="282" type="stmt" count="0"/>
      <line num="284" type="stmt" count="0"/>
      <line num="285" type="stmt" count="0"/>
      <line num="287" type="stmt" count="0"/>
      <line num="289" type="stmt" count="0"/>
      <line num="290" type="stmt" count="0"/>
      <line num="292" type="stmt" count="0"/>
      <line num="293" type="stmt" count="0"/>
      <line num="294" type="stmt" count="0"/>
      <line num="295" type="stmt" count="0"/>
      <line num="296" type="stmt" count="0"/>
      <line num="297" type="stmt" count="0"/>
      <line num="298" type="stmt" count="0"/>
      <line num="299" type="stmt" count="0"/>
      <line num="301" type="stmt" count="0"/>
      <line num="303" type="stmt" count="0"/>
      <line num="305" type="stmt" count="0"/>
      <line num="307" type="stmt" count="0"/>
      <line num="308" type="stmt" count="0"/>
      <line num="310" type="stmt" count="0"/>
      <line num="312" type="stmt" count="0"/>
      <line num="314" type="stmt" count="0"/>
      <line num="316" type="stmt" count="0"/>
      <line num="317" type="stmt" count="0"/>
      <line num="319" type="stmt" count="0"/>
      <line num="320" type="stmt" count="0"/>
      <line num="321" type="stmt" count="0"/>
      <line num="322" type="stmt" count="0"/>
      <metrics loc="322" ncloc="278" classes="0" methods="0" coveredmethods="0" conditionals="0" coveredconditionals="0" statements="182" coveredstatements="0" elements="182" coveredelements="0"/>
    </file>
    <package name="Fuel\Core">
      <file name="/var/www/html/fuel/core/classes/arr.php">
        <class name="Arr" namespace="Fuel\Core" fullPackage="Fuel.Core" package="Fuel" subpackage="Core">
          <metrics methods="42" coveredmethods="0" conditionals="0" coveredconditionals="0" statements="446" coveredstatements="82" elements="488" coveredelements="82"/>
        </class>
        <line num="33" type="method" name="get" crap="17.92" count="96"/>
        <line num="35" type="stmt" count="96"/>
        <line num="36" type="stmt" count="0"/>
        <line num="37" type="stmt" count="0"/>
        <line num="40" type="stmt" count="96"/>
        <line num="41" type="stmt" count="96"/>
        <line num="42" type="stmt" count="0"/>
        <line num="45" type="stmt" count="96"/>
        <line num="46" type="stmt" count="96"/>
        <line num="47" type="stmt" count="0"/>
        <line num="48" type="stmt" count="0"/>
        <line num="50" type="stmt" count="0"/>
        <line num="51" type="stmt" count="0"/>
        <line num="52" type="stmt" count="0"/>
        <line num="55" type="stmt" count="96"/>
        <line num="57" type="stmt" count="96"/>
        <line num="58" type="stmt" count="96"/>
        <line num="59" type="stmt" count="88"/>
        <line num="62" type="stmt" count="84"/>
        <line num="64" type="stmt" count="84"/>
        <line num="65" type="stmt" count="84"/>
        <line num="66" type="stmt" count="84"/>
        <line num="67" type="stmt" count="84"/>
        <line num="68" type="stmt" count="77"/>
        <line num="72" type="stmt" count="78"/>
        <line num="73" type="stmt" count="78"/>
        <line num="75" type="stmt" count="55"/>
        <line num="86" type="method" name="set" crap="8.32" count="115"/>
        <line num="88" type="stmt" count="115"/>
        <line num="89" type="stmt" count="115"/>
        <line num="90" type="stmt" count="0"/>
        <line num="91" type="stmt" count="0"/>
        <line num="94" type="stmt" count="115"/>
        <line num="95" type="stmt" count="115"/>
        <line num="96" type="stmt" count="0"/>
        <line num="98" type="stmt" count="0"/>
        <line num="99" type="stmt" count="0"/>
        <line num="100" type="stmt" count="0"/>
        <line num="103" type="stmt" count="115"/>
        <line num="105" type="stmt" count="115"/>
        <line num="107" type="stmt" count="115"/>
        <line num="109" type="stmt" count="115"/>
        <line num="110" type="stmt" count="115"/>
        <line num="111" type="stmt" count="1"/>
        <line num="114" type="stmt" count="115"/>
        <line num="115" type="stmt" count="115"/>
        <line num="117" type="stmt" count="115"/>
        <line num="119" type="stmt" count="115"/>
        <line num="129" type="method" name="pluck" crap="182" count="0"/>
        <line num="131" type="stmt" count="0"/>
        <line num="132" type="stmt" count="0"/>
        <line num="134" type="stmt" count="0"/>
        <line num="135" type="stmt" count="0"/>
        <line num="136" type="stmt" count="0"/>
        <line num="138" type="stmt" count="0"/>
        <line num="139" type="stmt" count="0"/>
        <line num="140" type="stmt" count="0"/>
        <line num="141" type="stmt" count="0"/>
        <line num="144" type="stmt" count="0"/>
        <line num="146" type="stmt" count="0"/>
        <line num="147" type="stmt" count="0"/>
        <line num="148" type="stmt" count="0"/>
        <line num="149" type="stmt" count="0"/>
        <line num="152" type="stmt" count="0"/>
        <line num="162" type="method" name="key_exists" crap="20" count="0"/>
        <line num="164" type="stmt" count="0"/>
        <line num="166" type="stmt" count="0"/>
        <line num="167" type="stmt" count="0"/>
        <line num="168" type="stmt" count="0"/>
        <line num="171" type="stmt" count="0"/>
        <line num="172" type="stmt" count="0"/>
        <line num="174" type="stmt" count="0"/>
        <line num="184" type="method" name="delete" crap="9.71" count="57"/>
        <line num="186" type="stmt" count="57"/>
        <line num="187" type="stmt" count="57"/>
        <line num="188" type="stmt" count="0"/>
        <line num="191" type="stmt" count="57"/>
        <line num="192" type="stmt" count="57"/>
        <line num="193" type="stmt" count="0"/>
        <line num="194" type="stmt" count="0"/>
        <line num="196" type="stmt" count="0"/>
        <line num="197" type="stmt" count="0"/>
        <line num="198" type="stmt" count="0"/>
        <line num="201" type="stmt" count="57"/>
        <line num="203" type="stmt" count="57"/>
        <line num="204" type="stmt" count="57"/>
        <line num="205" type="stmt" count="21"/>
        <line num="208" type="stmt" count="51"/>
        <line num="210" type="stmt" count="51"/>
        <line num="211" type="stmt" count="51"/>
        <line num="212" type="stmt" count="0"/>
        <line num="213" type="stmt" count="0"/>
[...]
        <line num="122" type="stmt" count="27"/>
        <line num="123" type="stmt" count="27"/>
        <line num="125" type="stmt" count="0"/>
        <line num="136" type="method" name="is_string" crap="6" count="0"/>
        <line num="138" type="stmt" count="0"/>
        <line num="148" type="method" name="is_md5" crap="2" count="0"/>
        <line num="150" type="stmt" count="0"/>
        <line num="160" type="method" name="is_sha1" crap="2" count="0"/>
        <line num="162" type="stmt" count="0"/>
        <metrics loc="164" ncloc="62" classes="1" methods="8" coveredmethods="3" conditionals="0" coveredconditionals="0" statements="18" coveredstatements="13" elements="26" coveredelements="16"/>
      </file>
    </package>
    <file name="/var/www/html/fuel/vendor/monolog/monolog/src/Monolog/Formatter/FormatterInterface.php">
      <metrics loc="36" ncloc="11" classes="0" methods="0" coveredmethods="0" conditionals="0" coveredconditionals="0" statements="0" coveredstatements="0" elements="0" coveredelements="0"/>
    </file>
    <package name="Monolog\Formatter">
      <file name="/var/www/html/fuel/vendor/monolog/monolog/src/Monolog/Formatter/LineFormatter.php">
        <class name="LineFormatter" namespace="Monolog\Formatter">
          <metrics methods="5" coveredmethods="1" conditionals="0" coveredconditionals="0" statements="34" coveredstatements="19" elements="39" coveredelements="20"/>
        </class>
        <line num="32" type="method" name="__construct" crap="2" count="2"/>
        <line num="34" type="stmt" count="2"/>
        <line num="35" type="stmt" count="2"/>
        <line num="36" type="stmt" count="2"/>
        <line num="41" type="method" name="format" crap="4.32" count="30"/>
        <line num="43" type="stmt" count="30"/>
        <line num="45" type="stmt" count="30"/>
        <line num="46" type="stmt" count="30"/>
        <line num="47" type="stmt" count="0"/>
        <line num="48" type="stmt" count="0"/>
        <line num="49" type="stmt" count="0"/>
        <line num="51" type="stmt" count="30"/>
        <line num="52" type="stmt" count="30"/>
        <line num="53" type="stmt" count="30"/>
        <line num="54" type="stmt" count="30"/>
        <line num="56" type="stmt" count="30"/>
        <line num="59" type="method" name="formatBatch" crap="6" count="0"/>
        <line num="61" type="stmt" count="0"/>
        <line num="62" type="stmt" count="0"/>
        <line num="63" type="stmt" count="0"/>
        <line num="64" type="stmt" count="0"/>
        <line num="66" type="stmt" count="0"/>
        <line num="69" type="method" name="normalize" crap="16.67" count="30"/>
        <line num="71" type="stmt" count="30"/>
        <line num="72" type="stmt" count="0"/>
        <line num="75" type="stmt" count="30"/>
        <line num="76" type="stmt" count="0"/>
        <line num="77" type="stmt" count="0"/>
        <line num="79" type="stmt" count="0"/>
        <line num="80" type="stmt" count="0"/>
        <line num="83" type="stmt" count="0"/>
        <line num="86" type="stmt" count="30"/>
        <line num="89" type="method" name="convertToString" crap="4.07" count="30"/>
        <line num="91" type="stmt" count="30"/>
        <line num="92" type="stmt" count="30"/>
        <line num="95" type="stmt" count="30"/>
        <line num="96" type="stmt" count="30"/>
        <line num="97" type="stmt" count="30"/>
        <line num="100" type="stmt" count="0"/>
        <metrics loc="102" ncloc="79" classes="1" methods="5" coveredmethods="1" conditionals="0" coveredconditionals="0" statements="34" coveredstatements="19" elements="39" coveredelements="20"/>
      </file>
      <file name="/var/www/html/fuel/vendor/monolog/monolog/src/Monolog/Formatter/NormalizerFormatter.php">
        <class name="NormalizerFormatter" namespace="Monolog\Formatter">
          <metrics methods="5" coveredmethods="2" conditionals="0" coveredconditionals="0" statements="29" coveredstatements="16" elements="34" coveredelements="18"/>
        </class>
        <line num="28" type="method" name="__construct" crap="2" count="2"/>
        <line num="30" type="stmt" count="2"/>
        <line num="31" type="stmt" count="2"/>
        <line num="36" type="method" name="format" crap="1" count="30"/>
        <line num="38" type="stmt" count="30"/>
        <line num="44" type="method" name="formatBatch" crap="6" count="0"/>
        <line num="46" type="stmt" count="0"/>
        <line num="47" type="stmt" count="0"/>
        <line num="48" type="stmt" count="0"/>
        <line num="50" type="stmt" count="0"/>
        <line num="53" type="method" name="normalize" crap="12.00" count="30"/>
        <line num="55" type="stmt" count="30"/>
        <line num="56" type="stmt" count="30"/>
        <line num="59" type="stmt" count="30"/>
        <line num="60" type="stmt" count="30"/>
        <line num="62" type="stmt" count="30"/>
        <line num="63" type="stmt" count="30"/>
        <line num="64" type="stmt" count="30"/>
        <line num="66" type="stmt" count="30"/>
        <line num="69" type="stmt" count="30"/>
        <line num="70" type="stmt" count="30"/>
        <line num="73" type="stmt" count="0"/>
        <line num="74" type="stmt" count="0"/>
        <line num="77" type="stmt" count="0"/>
        <line num="78" type="stmt" count="0"/>
        <line num="81" type="stmt" count="0"/>
        <line num="84" type="method" name="toJson" crap="6.99" count="30"/>
        <line num="87" type="stmt" count="30"/>
        <line num="88" type="stmt" count="0"/>
        <line num="89" type="stmt" count="0"/>
        <line num="92" type="stmt" count="0"/>
        <line num="95" type="stmt" count="30"/>
        <line num="96" type="stmt" count="30"/>
        <line num="99" type="stmt" count="0"/>
        <metrics loc="101" ncloc="77" classes="1" methods="5" coveredmethods="2" conditionals="0" coveredconditionals="0" statements="29" coveredstatements="16" elements="34" coveredelements="18"/>
      </file>
    </package>
    <package name="Monolog\Handler">
      <file name="/var/www/html/fuel/vendor/monolog/monolog/src/Monolog/Handler/AbstractHandler.php">
        <class name="AbstractHandler" namespace="Monolog\Handler">
          <metrics methods="14" coveredmethods="4" conditionals="0" coveredconditionals="0" statements="31" coveredstatements="11" elements="45" coveredelements="15"/>
        </class>
        <line num="38" type="method" name="__construct" crap="1" count="6"/>
        <line num="40" type="stmt" count="6"/>
        <line num="41" type="stmt" count="6"/>
        <line num="42" type="stmt" count="6"/>
        <line num="47" type="method" name="isHandling" crap="1" count="30"/>
        <line num="49" type="stmt" count="30"/>
        <line num="55" type="method" name="handleBatch" crap="6" count="0"/>
        <line num="57" type="stmt" count="0"/>
        <line num="58" type="stmt" count="0"/>
        <line num="59" type="stmt" count="0"/>
        <line num="60" type="stmt" count="0"/>
        <line num="67" type="method" name="close" crap="2" count="0"/>
        <line num="69" type="stmt" count="0"/>
        <line num="74" type="method" name="pushProcessor" crap="6" count="0"/>
        <line num="76" type="stmt" count="0"/>
        <line num="77" type="stmt" count="0"/>
        <line num="79" type="stmt" count="0"/>
        <line num="80" type="stmt" count="0"/>
        <line num="85" type="method" name="popProcessor" crap="6" count="0"/>
        <line num="87" type="stmt" count="0"/>
        <line num="88" type="stmt" count="0"/>
        <line num="91" type="stmt" count="0"/>
        <line num="97" type="method" name="setFormatter" crap="1" count="6"/>
        <line num="99" type="stmt" count="6"/>
        <line num="100" type="stmt" count="6"/>
        <line num="105" type="method" name="getFormatter" crap="2.15" count="30"/>
        <line num="107" type="stmt" count="30"/>
        <line num="108" type="stmt" count="0"/>
        <line num="111" type="stmt" count="30"/>
        <line num="119" type="method" name="setLevel" crap="2" count="0"/>
        <line num="121" type="stmt" count="0"/>
        <line num="122" type="stmt" count="0"/>
        <line num="129" type="method" name="getLevel" crap="2" count="0"/>
        <line num="131" type="stmt" count="0"/>
        <line num="140" type="method" name="setBubble" crap="2" count="0"/>
        <line num="142" type="stmt" count="0"/>
        <line num="143" type="stmt" count="0"/>
        <line num="151" type="method" name="getBubble" crap="2" count="0"/>
        <line num="153" type="stmt" count="0"/>
        <line num="156" type="method" name="__destruct" crap="2" count="5"/>
        <line num="159" type="stmt" count="5"/>
        <line num="160" type="stmt" count="5"/>
        <line num="163" type="stmt" count="5"/>
        <line num="170" type="method" name="getDefaultFormatter" crap="2" count="0"/>
        <line num="172" type="stmt" count="0"/>
        <metrics loc="174" ncloc="102" classes="1" methods="14" coveredmethods="4" conditionals="0" coveredconditionals="0" statements="31" coveredstatements="11" elements="45" coveredelements="15"/>
      </file>
      <file name="/var/www/html/fuel/vendor/monolog/monolog/src/Monolog/Handler/AbstractProcessingHandler.php">
        <class name="AbstractProcessingHandler" namespace="Monolog\Handler">
          <metrics methods="2" coveredmethods="0" conditionals="0" coveredconditionals="0" statements="11" coveredstatements="7" elements="13" coveredelements="7"/>
        </class>
        <line num="27" type="method" name="handle" crap="2.02" count="30"/>
        <line num="29" type="stmt" count="30"/>
        <line num="30" type="stmt" count="0"/>
        <line num="33" type="stmt" count="30"/>
        <line num="35" type="stmt" count="30"/>
        <line num="37" type="stmt" count="30"/>
        <line num="39" type="stmt" count="30"/>
        <line num="56" type="method" name="processRecord" crap="4.94" count="30"/>
        <line num="58" type="stmt" count="30"/>
        <line num="59" type="stmt" count="0"/>
        <line num="60" type="stmt" count="0"/>
        <line num="61" type="stmt" count="0"/>
        <line num="64" type="stmt" count="30"/>
        <metrics loc="66" ncloc="35" classes="1" methods="2" coveredmethods="0" conditionals="0" coveredconditionals="0" statements="11" coveredstatements="7" elements="13" coveredelements="7"/>
      </file>
      <file name="/var/www/html/fuel/vendor/monolog/monolog/src/Monolog/Handler/StreamHandler.php">
        <class name="StreamHandler" namespace="Monolog\Handler">
          <metrics methods="4" coveredmethods="1" conditionals="0" coveredconditionals="0" statements="16" coveredstatements="12" elements="20" coveredelements="13"/>
        </class>
        <line num="33" type="method" name="__construct" crap="2.15" count="6"/>
        <line num="35" type="stmt" count="6"/>
        <line num="36" type="stmt" count="6"/>
        <line num="37" type="stmt" count="0"/>
        <line num="38" type="stmt" count="0"/>
        <line num="39" type="stmt" count="6"/>
        <line num="41" type="stmt" count="6"/>
        <line num="46" type="method" name="close" crap="2" count="5"/>
        <line num="48" type="stmt" count="5"/>
        <line num="49" type="stmt" count="5"/>
        <line num="51" type="stmt" count="5"/>
        <line num="52" type="stmt" count="5"/>
        <line num="57" type="method" name="write" crap="4.25" count="30"/>
        <line num="59" type="stmt" count="30"/>
        <line num="60" type="stmt" count="6"/>
        <line num="61" type="stmt" count="0"/>
        <line num="63" type="stmt" count="6"/>
        <line num="64" type="method" name="anonymous function" crap="1.12" count="6"/>
        <line num="65" type="stmt" count="0"/>
        <line num="66" type="stmt" count="6"/>
        <line num="67" type="stmt" count="6"/>
        <line num="68" type="stmt" count="6"/>
        <line num="69" type="stmt" count="6"/>
        <line num="70" type="stmt" count="0"/>
        <line num="71" type="stmt" count="0"/>
        <line num="74" type="stmt" count="30"/>
        <line num="75" type="stmt" count="30"/>
        <metrics loc="76" ncloc="50" classes="1" methods="4" coveredmethods="1" conditionals="0" coveredconditionals="0" statements="23" coveredstatements="17" elements="27" coveredelements="18"/>
      </file>
    </package>
    <file name="/var/www/html/fuel/vendor/monolog/monolog/src/Monolog/Handler/HandlerInterface.php">
      <metrics loc="88" ncloc="23" classes="0" methods="0" coveredmethods="0" conditionals="0" coveredconditionals="0" statements="0" coveredstatements="0" elements="0" coveredelements="0"/>
    </file>
    <package name="Monolog">
      <file name="/var/www/html/fuel/vendor/monolog/monolog/src/Monolog/Logger.php">
        <class name="Logger" namespace="Monolog">
          <metrics methods="31" coveredmethods="3" conditionals="0" coveredconditionals="0" statements="79" coveredstatements="38" elements="110" coveredelements="41"/>
        </class>
        <line num="118" type="method" name="__construct" crap="1" count="2"/>
        <line num="120" type="stmt" count="2"/>
        <line num="121" type="stmt" count="2"/>
        <line num="122" type="stmt" count="2"/>
        <line num="123" type="stmt" count="2"/>
        <line num="128" type="method" name="getName" crap="2" count="0"/>
        <line num="130" type="stmt" count="0"/>
        <line num="138" type="method" name="pushHandler" crap="1" count="6"/>
        <line num="140" type="stmt" count="6"/>
        <line num="141" type="stmt" count="6"/>
        <line num="148" type="method" name="popHandler" crap="2.15" count="5"/>
        <line num="150" type="stmt" count="5"/>
        <line num="151" type="stmt" count="0"/>
        <line num="154" type="stmt" count="5"/>
        <line num="162" type="method" name="pushProcessor" crap="6" count="0"/>
        <line num="164" type="stmt" count="0"/>
        <line num="165" type="stmt" count="0"/>
        <line num="167" type="stmt" count="0"/>
        <line num="168" type="stmt" count="0"/>
        <line num="175" type="method" name="popProcessor" crap="6" count="0"/>
        <line num="177" type="stmt" count="0"/>
        <line num="178" type="stmt" count="0"/>
        <line num="181" type="stmt" count="0"/>
        <line num="192" type="method" name="addRecord" crap="10.12" count="30"/>
        <line num="194" type="stmt" count="30"/>
        <line num="195" type="stmt" count="0"/>
        <line num="198" type="stmt" count="30"/>
        <line num="199" type="stmt" count="1"/>
        <line num="203" type="stmt" count="30"/>
        <line num="204" type="stmt" count="30"/>
        <line num="205" type="stmt" count="30"/>
        <line num="206" type="stmt" count="30"/>
        <line num="207" type="stmt" count="30"/>
        <line num="208" type="stmt" count="30"/>
        <line num="209" type="stmt" count="30"/>
        <line num="210" type="stmt" count="30"/>
        <line num="212" type="stmt" count="30"/>
        <line num="213" type="stmt" count="30"/>
        <line num="214" type="stmt" count="30"/>
        <line num="215" type="stmt" count="30"/>
        <line num="216" type="stmt" count="30"/>
        <line num="218" type="stmt" count="30"/>
        <line num="220" type="stmt" count="30"/>
        <line num="221" type="stmt" count="0"/>
        <line num="225" type="stmt" count="30"/>
        <line num="226" type="stmt" count="0"/>
        <line num="227" type="stmt" count="30"/>
        <line num="228" type="stmt" count="30"/>
        <line num="229" type="stmt" count="30"/>
        <line num="230" type="stmt" count="30"/>
        <line num="231" type="stmt" count="30"/>
        <line num="233" type="stmt" count="30"/>
        <line num="243" type="method" name="addDebug" crap="2" count="0"/>
        <line num="245" type="stmt" count="0"/>
        <line num="255" type="method" name="addInfo" crap="2" count="0"/>
        <line num="257" type="stmt" count="0"/>
        <line num="267" type="method" name="addNotice" crap="2" count="0"/>
        <line num="269" type="stmt" count="0"/>
        <line num="279" type="method" name="addWarning" crap="2" count="0"/>
        <line num="281" type="stmt" count="0"/>
        <line num="291" type="method" name="addError" crap="2" count="0"/>
        <line num="293" type="stmt" count="0"/>
        <line num="303" type="method" name="addCritical" crap="2" count="0"/>
        <line num="305" type="stmt" count="0"/>
        <line num="315" type="method" name="addAlert" crap="2" count="0"/>
        <line num="317" type="stmt" count="0"/>
        <line num="327" type="method" name="addEmergency" crap="2" count="0"/>
        <line num="329" type="stmt" count="0"/>
        <line num="337" type="method" name="getLevels" crap="2" count="0"/>
        <line num="339" type="stmt" count="0"/>
        <line num="348" type="method" name="getLevelName" crap="2.15" count="30"/>
        <line num="350" type="stmt" count="30"/>
        <line num="351" type="stmt" count="0"/>
        <line num="354" type="stmt" count="30"/>
        <line num="363" type="method" name="isHandling" crap="12" count="0"/>
        <line num="366" type="stmt" count="0"/>
        <line num="367" type="stmt" count="0"/>
        <line num="369" type="stmt" count="0"/>
        <line num="370" type="stmt" count="0"/>
        <line num="371" type="stmt" count="0"/>
        <line num="373" type="stmt" count="0"/>
        <line num="375" type="stmt" count="0"/>
        <line num="388" type="method" name="log" crap="3.33" count="24"/>
        <line num="390" type="stmt" count="24"/>
        <line num="391" type="stmt" count="0"/>
        <line num="394" type="stmt" count="24"/>
        <line num="406" type="method" name="debug" crap="2" count="0"/>
        <line num="408" type="stmt" count="0"/>
        <line num="420" type="method" name="info" crap="2" count="0"/>
        <line num="422" type="stmt" count="0"/>
        <line num="434" type="method" name="notice" crap="2" count="0"/>
        <line num="436" type="stmt" count="0"/>
        <line num="448" type="method" name="warn" crap="2" count="0"/>
        <line num="450" type="stmt" count="0"/>
        <line num="462" type="method" name="warning" crap="2" count="0"/>
        <line num="464" type="stmt" count="0"/>
        <line num="476" type="method" name="err" crap="2" count="0"/>
        <line num="478" type="stmt" count="0"/>
        <line num="490" type="method" name="error" crap="1" count="10"/>
        <line num="492" type="stmt" count="10"/>
        <line num="504" type="method" name="crit" crap="2" count="0"/>
        <line num="506" type="stmt" count="0"/>
        <line num="518" type="method" name="critical" crap="2" count="0"/>
        <line num="520" type="stmt" count="0"/>
        <line num="532" type="method" name="alert" crap="2" count="0"/>
        <line num="534" type="stmt" count="0"/>
        <line num="546" type="method" name="emerg" crap="2" count="0"/>
        <line num="548" type="stmt" count="0"/>
        <line num="560" type="method" name="emergency" crap="2" count="0"/>
        <line num="562" type="stmt" count="0"/>
        <metrics loc="564" ncloc="266" classes="1" methods="31" coveredmethods="3" conditionals="0" coveredconditionals="0" statements="79" coveredstatements="38" elements="110" coveredelements="41"/>
      </file>
    </package>
    <file name="/var/www/html/fuel/vendor/psr/log/Psr/Log/LoggerInterface.php">
      <metrics loc="123" ncloc="24" classes="0" methods="0" coveredmethods="0" conditionals="0" coveredconditionals="0" statements="0" coveredstatements="0" elements="0" coveredelements="0"/>
    </file>
    <metrics files="150" loc="41280" ncloc="25726" classes="159" methods="1320" coveredmethods="361" conditionals="0" coveredconditionals="0" statements="13579" coveredstatements="5450" elements="14899" coveredelements="5811"/>
  </project>
</coverage>
